2022-09-21 22:27:19 INFO log.py: Yasb - Yet Another Status Bar
2022-09-21 22:27:20 ERROR base.py: Failed to execute callback of type 'update_label' with args: []
Traceback (most recent call last):
  File "C:\Users\mino29\.local\share\yasb\src\core\widgets\base.py", line 84, in _run_callback
    self.callbacks[callback_type](*callback_args)
  File "C:\Users\mino29\.local\share\yasb\src\core\widgets\yasb\battery.py", line 123, in _update_label
    threshold = self._get_battery_threshold()
  File "C:\Users\mino29\.local\share\yasb\src\core\widgets\yasb\battery.py", line 86, in _get_battery_threshold
    percent = self._battery_state.percent
AttributeError: 'NoneType' object has no attribute 'percent'
2022-09-21 22:27:21 INFO bar_manager.py: Starting KomorebiEventListener...
2022-09-21 22:27:21 INFO bar_manager.py: Starting SystemEventListener...
2022-09-21 22:27:21 INFO event_listener.py: Created named pipe yasb-812d1203-39b9-11ed-b88a-8cb87e52cdc5
2022-09-21 22:27:21 INFO event_listener.py: Waiting for Komorebi to subscribe to named pipe yasb-812d1203-39b9-11ed-b88a-8cb87e52cdc5
2022-09-21 22:27:21 INFO watcher.py: Created file watcher for path C:\Users\mino29\.yasb
2022-09-21 22:27:25 ERROR base.py: Failed to execute callback of type 'update_label' with args: []
Traceback (most recent call last):
  File "C:\Users\mino29\.local\share\yasb\src\core\widgets\base.py", line 84, in _run_callback
    self.callbacks[callback_type](*callback_args)
  File "C:\Users\mino29\.local\share\yasb\src\core\widgets\yasb\battery.py", line 123, in _update_label
    threshold = self._get_battery_threshold()
  File "C:\Users\mino29\.local\share\yasb\src\core\widgets\yasb\battery.py", line 86, in _get_battery_threshold
    percent = self._battery_state.percent
AttributeError: 'NoneType' object has no attribute 'percent'
2022-09-21 22:27:30 ERROR base.py: Failed to execute callback of type 'update_label' with args: []
Traceback (most recent call last):
  File "C:\Users\mino29\.local\share\yasb\src\core\widgets\base.py", line 84, in _run_callback
    self.callbacks[callback_type](*callback_args)
  File "C:\Users\mino29\.local\share\yasb\src\core\widgets\yasb\battery.py", line 123, in _update_label
    threshold = self._get_battery_threshold()
  File "C:\Users\mino29\.local\share\yasb\src\core\widgets\yasb\battery.py", line 86, in _get_battery_threshold
    percent = self._battery_state.percent
AttributeError: 'NoneType' object has no attribute 'percent'
2022-09-21 22:27:35 ERROR base.py: Failed to execute callback of type 'update_label' with args: []
Traceback (most recent call last):
  File "C:\Users\mino29\.local\share\yasb\src\core\widgets\base.py", line 84, in _run_callback
    self.callbacks[callback_type](*callback_args)
  File "C:\Users\mino29\.local\share\yasb\src\core\widgets\yasb\battery.py", line 123, in _update_label
    threshold = self._get_battery_threshold()
  File "C:\Users\mino29\.local\share\yasb\src\core\widgets\yasb\battery.py", line 86, in _get_battery_threshold
    percent = self._battery_state.percent
AttributeError: 'NoneType' object has no attribute 'percent'
2022-09-21 22:27:40 ERROR base.py: Failed to execute callback of type 'update_label' with args: []
Traceback (most recent call last):
  File "C:\Users\mino29\.local\share\yasb\src\core\widgets\base.py", line 84, in _run_callback
    self.callbacks[callback_type](*callback_args)
  File "C:\Users\mino29\.local\share\yasb\src\core\widgets\yasb\battery.py", line 123, in _update_label
    threshold = self._get_battery_threshold()
  File "C:\Users\mino29\.local\share\yasb\src\core\widgets\yasb\battery.py", line 86, in _get_battery_threshold
    percent = self._battery_state.percent
AttributeError: 'NoneType' object has no attribute 'percent'
2022-09-21 22:27:45 ERROR base.py: Failed to execute callback of type 'update_label' with args: []
Traceback (most recent call last):
  File "C:\Users\mino29\.local\share\yasb\src\core\widgets\base.py", line 84, in _run_callback
    self.callbacks[callback_type](*callback_args)
  File "C:\Users\mino29\.local\share\yasb\src\core\widgets\yasb\battery.py", line 123, in _update_label
    threshold = self._get_battery_threshold()
  File "C:\Users\mino29\.local\share\yasb\src\core\widgets\yasb\battery.py", line 86, in _get_battery_threshold
    percent = self._battery_state.percent
AttributeError: 'NoneType' object has no attribute 'percent'
2022-09-21 22:27:50 ERROR base.py: Failed to execute callback of type 'update_label' with args: []
Traceback (most recent call last):
  File "C:\Users\mino29\.local\share\yasb\src\core\widgets\base.py", line 84, in _run_callback
    self.callbacks[callback_type](*callback_args)
  File "C:\Users\mino29\.local\share\yasb\src\core\widgets\yasb\battery.py", line 123, in _update_label
    threshold = self._get_battery_threshold()
  File "C:\Users\mino29\.local\share\yasb\src\core\widgets\yasb\battery.py", line 86, in _get_battery_threshold
    percent = self._battery_state.percent
AttributeError: 'NoneType' object has no attribute 'percent'
2022-09-21 22:27:55 ERROR base.py: Failed to execute callback of type 'update_label' with args: []
Traceback (most recent call last):
  File "C:\Users\mino29\.local\share\yasb\src\core\widgets\base.py", line 84, in _run_callback
    self.callbacks[callback_type](*callback_args)
  File "C:\Users\mino29\.local\share\yasb\src\core\widgets\yasb\battery.py", line 123, in _update_label
    threshold = self._get_battery_threshold()
  File "C:\Users\mino29\.local\share\yasb\src\core\widgets\yasb\battery.py", line 86, in _get_battery_threshold
    percent = self._battery_state.percent
AttributeError: 'NoneType' object has no attribute 'percent'
2022-09-21 22:28:00 ERROR base.py: Failed to execute callback of type 'update_label' with args: []
Traceback (most recent call last):
  File "C:\Users\mino29\.local\share\yasb\src\core\widgets\base.py", line 84, in _run_callback
    self.callbacks[callback_type](*callback_args)
  File "C:\Users\mino29\.local\share\yasb\src\core\widgets\yasb\battery.py", line 123, in _update_label
    threshold = self._get_battery_threshold()
  File "C:\Users\mino29\.local\share\yasb\src\core\widgets\yasb\battery.py", line 86, in _get_battery_threshold
    percent = self._battery_state.percent
AttributeError: 'NoneType' object has no attribute 'percent'
2022-09-21 22:28:05 ERROR base.py: Failed to execute callback of type 'update_label' with args: []
Traceback (most recent call last):
  File "C:\Users\mino29\.local\share\yasb\src\core\widgets\base.py", line 84, in _run_callback
    self.callbacks[callback_type](*callback_args)
  File "C:\Users\mino29\.local\share\yasb\src\core\widgets\yasb\battery.py", line 123, in _update_label
    threshold = self._get_battery_threshold()
  File "C:\Users\mino29\.local\share\yasb\src\core\widgets\yasb\battery.py", line 86, in _get_battery_threshold
    percent = self._battery_state.percent
AttributeError: 'NoneType' object has no attribute 'percent'
2022-09-21 22:28:10 ERROR base.py: Failed to execute callback of type 'update_label' with args: []
Traceback (most recent call last):
  File "C:\Users\mino29\.local\share\yasb\src\core\widgets\base.py", line 84, in _run_callback
    self.callbacks[callback_type](*callback_args)
  File "C:\Users\mino29\.local\share\yasb\src\core\widgets\yasb\battery.py", line 123, in _update_label
    threshold = self._get_battery_threshold()
  File "C:\Users\mino29\.local\share\yasb\src\core\widgets\yasb\battery.py", line 86, in _get_battery_threshold
    percent = self._battery_state.percent
AttributeError: 'NoneType' object has no attribute 'percent'
2022-09-21 22:28:15 ERROR base.py: Failed to execute callback of type 'update_label' with args: []
Traceback (most recent call last):
  File "C:\Users\mino29\.local\share\yasb\src\core\widgets\base.py", line 84, in _run_callback
    self.callbacks[callback_type](*callback_args)
  File "C:\Users\mino29\.local\share\yasb\src\core\widgets\yasb\battery.py", line 123, in _update_label
    threshold = self._get_battery_threshold()
  File "C:\Users\mino29\.local\share\yasb\src\core\widgets\yasb\battery.py", line 86, in _get_battery_threshold
    percent = self._battery_state.percent
AttributeError: 'NoneType' object has no attribute 'percent'
2022-09-21 22:28:20 ERROR base.py: Failed to execute callback of type 'update_label' with args: []
Traceback (most recent call last):
  File "C:\Users\mino29\.local\share\yasb\src\core\widgets\base.py", line 84, in _run_callback
    self.callbacks[callback_type](*callback_args)
  File "C:\Users\mino29\.local\share\yasb\src\core\widgets\yasb\battery.py", line 123, in _update_label
    threshold = self._get_battery_threshold()
  File "C:\Users\mino29\.local\share\yasb\src\core\widgets\yasb\battery.py", line 86, in _get_battery_threshold
    percent = self._battery_state.percent
AttributeError: 'NoneType' object has no attribute 'percent'
2022-09-21 22:28:25 ERROR base.py: Failed to execute callback of type 'update_label' with args: []
Traceback (most recent call last):
  File "C:\Users\mino29\.local\share\yasb\src\core\widgets\base.py", line 84, in _run_callback
    self.callbacks[callback_type](*callback_args)
  File "C:\Users\mino29\.local\share\yasb\src\core\widgets\yasb\battery.py", line 123, in _update_label
    threshold = self._get_battery_threshold()
  File "C:\Users\mino29\.local\share\yasb\src\core\widgets\yasb\battery.py", line 86, in _get_battery_threshold
    percent = self._battery_state.percent
AttributeError: 'NoneType' object has no attribute 'percent'
2022-09-21 22:28:30 ERROR base.py: Failed to execute callback of type 'update_label' with args: []
Traceback (most recent call last):
  File "C:\Users\mino29\.local\share\yasb\src\core\widgets\base.py", line 84, in _run_callback
    self.callbacks[callback_type](*callback_args)
  File "C:\Users\mino29\.local\share\yasb\src\core\widgets\yasb\battery.py", line 123, in _update_label
    threshold = self._get_battery_threshold()
  File "C:\Users\mino29\.local\share\yasb\src\core\widgets\yasb\battery.py", line 86, in _get_battery_threshold
    percent = self._battery_state.percent
AttributeError: 'NoneType' object has no attribute 'percent'
2022-09-21 22:28:35 ERROR base.py: Failed to execute callback of type 'update_label' with args: []
Traceback (most recent call last):
  File "C:\Users\mino29\.local\share\yasb\src\core\widgets\base.py", line 84, in _run_callback
    self.callbacks[callback_type](*callback_args)
  File "C:\Users\mino29\.local\share\yasb\src\core\widgets\yasb\battery.py", line 123, in _update_label
    threshold = self._get_battery_threshold()
  File "C:\Users\mino29\.local\share\yasb\src\core\widgets\yasb\battery.py", line 86, in _get_battery_threshold
    percent = self._battery_state.percent
AttributeError: 'NoneType' object has no attribute 'percent'
2022-09-21 22:28:40 ERROR base.py: Failed to execute callback of type 'update_label' with args: []
Traceback (most recent call last):
  File "C:\Users\mino29\.local\share\yasb\src\core\widgets\base.py", line 84, in _run_callback
    self.callbacks[callback_type](*callback_args)
  File "C:\Users\mino29\.local\share\yasb\src\core\widgets\yasb\battery.py", line 123, in _update_label
    threshold = self._get_battery_threshold()
  File "C:\Users\mino29\.local\share\yasb\src\core\widgets\yasb\battery.py", line 86, in _get_battery_threshold
    percent = self._battery_state.percent
AttributeError: 'NoneType' object has no attribute 'percent'
2022-09-21 22:28:45 ERROR base.py: Failed to execute callback of type 'update_label' with args: []
Traceback (most recent call last):
  File "C:\Users\mino29\.local\share\yasb\src\core\widgets\base.py", line 84, in _run_callback
    self.callbacks[callback_type](*callback_args)
  File "C:\Users\mino29\.local\share\yasb\src\core\widgets\yasb\battery.py", line 123, in _update_label
    threshold = self._get_battery_threshold()
  File "C:\Users\mino29\.local\share\yasb\src\core\widgets\yasb\battery.py", line 86, in _get_battery_threshold
    percent = self._battery_state.percent
AttributeError: 'NoneType' object has no attribute 'percent'
2022-09-21 22:28:50 ERROR base.py: Failed to execute callback of type 'update_label' with args: []
Traceback (most recent call last):
  File "C:\Users\mino29\.local\share\yasb\src\core\widgets\base.py", line 84, in _run_callback
    self.callbacks[callback_type](*callback_args)
  File "C:\Users\mino29\.local\share\yasb\src\core\widgets\yasb\battery.py", line 123, in _update_label
    threshold = self._get_battery_threshold()
  File "C:\Users\mino29\.local\share\yasb\src\core\widgets\yasb\battery.py", line 86, in _get_battery_threshold
    percent = self._battery_state.percent
AttributeError: 'NoneType' object has no attribute 'percent'
2022-09-21 22:28:55 ERROR base.py: Failed to execute callback of type 'update_label' with args: []
Traceback (most recent call last):
  File "C:\Users\mino29\.local\share\yasb\src\core\widgets\base.py", line 84, in _run_callback
    self.callbacks[callback_type](*callback_args)
  File "C:\Users\mino29\.local\share\yasb\src\core\widgets\yasb\battery.py", line 123, in _update_label
    threshold = self._get_battery_threshold()
  File "C:\Users\mino29\.local\share\yasb\src\core\widgets\yasb\battery.py", line 86, in _get_battery_threshold
    percent = self._battery_state.percent
AttributeError: 'NoneType' object has no attribute 'percent'
2022-09-21 22:29:00 ERROR base.py: Failed to execute callback of type 'update_label' with args: []
Traceback (most recent call last):
  File "C:\Users\mino29\.local\share\yasb\src\core\widgets\base.py", line 84, in _run_callback
    self.callbacks[callback_type](*callback_args)
  File "C:\Users\mino29\.local\share\yasb\src\core\widgets\yasb\battery.py", line 123, in _update_label
    threshold = self._get_battery_threshold()
  File "C:\Users\mino29\.local\share\yasb\src\core\widgets\yasb\battery.py", line 86, in _get_battery_threshold
    percent = self._battery_state.percent
AttributeError: 'NoneType' object has no attribute 'percent'
2022-09-21 22:29:05 ERROR base.py: Failed to execute callback of type 'update_label' with args: []
Traceback (most recent call last):
  File "C:\Users\mino29\.local\share\yasb\src\core\widgets\base.py", line 84, in _run_callback
    self.callbacks[callback_type](*callback_args)
  File "C:\Users\mino29\.local\share\yasb\src\core\widgets\yasb\battery.py", line 123, in _update_label
    threshold = self._get_battery_threshold()
  File "C:\Users\mino29\.local\share\yasb\src\core\widgets\yasb\battery.py", line 86, in _get_battery_threshold
    percent = self._battery_state.percent
AttributeError: 'NoneType' object has no attribute 'percent'
2022-09-21 22:29:10 ERROR base.py: Failed to execute callback of type 'update_label' with args: []
Traceback (most recent call last):
  File "C:\Users\mino29\.local\share\yasb\src\core\widgets\base.py", line 84, in _run_callback
    self.callbacks[callback_type](*callback_args)
  File "C:\Users\mino29\.local\share\yasb\src\core\widgets\yasb\battery.py", line 123, in _update_label
    threshold = self._get_battery_threshold()
  File "C:\Users\mino29\.local\share\yasb\src\core\widgets\yasb\battery.py", line 86, in _get_battery_threshold
    percent = self._battery_state.percent
AttributeError: 'NoneType' object has no attribute 'percent'
2022-09-21 22:29:15 ERROR base.py: Failed to execute callback of type 'update_label' with args: []
Traceback (most recent call last):
  File "C:\Users\mino29\.local\share\yasb\src\core\widgets\base.py", line 84, in _run_callback
    self.callbacks[callback_type](*callback_args)
  File "C:\Users\mino29\.local\share\yasb\src\core\widgets\yasb\battery.py", line 123, in _update_label
    threshold = self._get_battery_threshold()
  File "C:\Users\mino29\.local\share\yasb\src\core\widgets\yasb\battery.py", line 86, in _get_battery_threshold
    percent = self._battery_state.percent
AttributeError: 'NoneType' object has no attribute 'percent'
2022-09-21 22:29:20 ERROR base.py: Failed to execute callback of type 'update_label' with args: []
Traceback (most recent call last):
  File "C:\Users\mino29\.local\share\yasb\src\core\widgets\base.py", line 84, in _run_callback
    self.callbacks[callback_type](*callback_args)
  File "C:\Users\mino29\.local\share\yasb\src\core\widgets\yasb\battery.py", line 123, in _update_label
    threshold = self._get_battery_threshold()
  File "C:\Users\mino29\.local\share\yasb\src\core\widgets\yasb\battery.py", line 86, in _get_battery_threshold
    percent = self._battery_state.percent
AttributeError: 'NoneType' object has no attribute 'percent'
2022-09-21 22:29:25 ERROR base.py: Failed to execute callback of type 'update_label' with args: []
Traceback (most recent call last):
  File "C:\Users\mino29\.local\share\yasb\src\core\widgets\base.py", line 84, in _run_callback
    self.callbacks[callback_type](*callback_args)
  File "C:\Users\mino29\.local\share\yasb\src\core\widgets\yasb\battery.py", line 123, in _update_label
    threshold = self._get_battery_threshold()
  File "C:\Users\mino29\.local\share\yasb\src\core\widgets\yasb\battery.py", line 86, in _get_battery_threshold
    percent = self._battery_state.percent
AttributeError: 'NoneType' object has no attribute 'percent'
2022-09-21 22:29:30 ERROR base.py: Failed to execute callback of type 'update_label' with args: []
Traceback (most recent call last):
  File "C:\Users\mino29\.local\share\yasb\src\core\widgets\base.py", line 84, in _run_callback
    self.callbacks[callback_type](*callback_args)
  File "C:\Users\mino29\.local\share\yasb\src\core\widgets\yasb\battery.py", line 123, in _update_label
    threshold = self._get_battery_threshold()
  File "C:\Users\mino29\.local\share\yasb\src\core\widgets\yasb\battery.py", line 86, in _get_battery_threshold
    percent = self._battery_state.percent
AttributeError: 'NoneType' object has no attribute 'percent'
2022-09-21 22:29:35 ERROR base.py: Failed to execute callback of type 'update_label' with args: []
Traceback (most recent call last):
  File "C:\Users\mino29\.local\share\yasb\src\core\widgets\base.py", line 84, in _run_callback
    self.callbacks[callback_type](*callback_args)
  File "C:\Users\mino29\.local\share\yasb\src\core\widgets\yasb\battery.py", line 123, in _update_label
    threshold = self._get_battery_threshold()
  File "C:\Users\mino29\.local\share\yasb\src\core\widgets\yasb\battery.py", line 86, in _get_battery_threshold
    percent = self._battery_state.percent
AttributeError: 'NoneType' object has no attribute 'percent'
2022-09-21 22:29:40 ERROR base.py: Failed to execute callback of type 'update_label' with args: []
Traceback (most recent call last):
  File "C:\Users\mino29\.local\share\yasb\src\core\widgets\base.py", line 84, in _run_callback
    self.callbacks[callback_type](*callback_args)
  File "C:\Users\mino29\.local\share\yasb\src\core\widgets\yasb\battery.py", line 123, in _update_label
    threshold = self._get_battery_threshold()
  File "C:\Users\mino29\.local\share\yasb\src\core\widgets\yasb\battery.py", line 86, in _get_battery_threshold
    percent = self._battery_state.percent
AttributeError: 'NoneType' object has no attribute 'percent'
2022-09-21 22:29:45 ERROR base.py: Failed to execute callback of type 'update_label' with args: []
Traceback (most recent call last):
  File "C:\Users\mino29\.local\share\yasb\src\core\widgets\base.py", line 84, in _run_callback
    self.callbacks[callback_type](*callback_args)
  File "C:\Users\mino29\.local\share\yasb\src\core\widgets\yasb\battery.py", line 123, in _update_label
    threshold = self._get_battery_threshold()
  File "C:\Users\mino29\.local\share\yasb\src\core\widgets\yasb\battery.py", line 86, in _get_battery_threshold
    percent = self._battery_state.percent
AttributeError: 'NoneType' object has no attribute 'percent'
2022-09-21 22:29:50 ERROR base.py: Failed to execute callback of type 'update_label' with args: []
Traceback (most recent call last):
  File "C:\Users\mino29\.local\share\yasb\src\core\widgets\base.py", line 84, in _run_callback
    self.callbacks[callback_type](*callback_args)
  File "C:\Users\mino29\.local\share\yasb\src\core\widgets\yasb\battery.py", line 123, in _update_label
    threshold = self._get_battery_threshold()
  File "C:\Users\mino29\.local\share\yasb\src\core\widgets\yasb\battery.py", line 86, in _get_battery_threshold
    percent = self._battery_state.percent
AttributeError: 'NoneType' object has no attribute 'percent'
2022-09-21 22:29:55 ERROR base.py: Failed to execute callback of type 'update_label' with args: []
Traceback (most recent call last):
  File "C:\Users\mino29\.local\share\yasb\src\core\widgets\base.py", line 84, in _run_callback
    self.callbacks[callback_type](*callback_args)
  File "C:\Users\mino29\.local\share\yasb\src\core\widgets\yasb\battery.py", line 123, in _update_label
    threshold = self._get_battery_threshold()
  File "C:\Users\mino29\.local\share\yasb\src\core\widgets\yasb\battery.py", line 86, in _get_battery_threshold
    percent = self._battery_state.percent
AttributeError: 'NoneType' object has no attribute 'percent'
2022-09-21 22:30:00 ERROR base.py: Failed to execute callback of type 'update_label' with args: []
Traceback (most recent call last):
  File "C:\Users\mino29\.local\share\yasb\src\core\widgets\base.py", line 84, in _run_callback
    self.callbacks[callback_type](*callback_args)
  File "C:\Users\mino29\.local\share\yasb\src\core\widgets\yasb\battery.py", line 123, in _update_label
    threshold = self._get_battery_threshold()
  File "C:\Users\mino29\.local\share\yasb\src\core\widgets\yasb\battery.py", line 86, in _get_battery_threshold
    percent = self._battery_state.percent
AttributeError: 'NoneType' object has no attribute 'percent'
2022-09-21 22:30:05 ERROR base.py: Failed to execute callback of type 'update_label' with args: []
Traceback (most recent call last):
  File "C:\Users\mino29\.local\share\yasb\src\core\widgets\base.py", line 84, in _run_callback
    self.callbacks[callback_type](*callback_args)
  File "C:\Users\mino29\.local\share\yasb\src\core\widgets\yasb\battery.py", line 123, in _update_label
    threshold = self._get_battery_threshold()
  File "C:\Users\mino29\.local\share\yasb\src\core\widgets\yasb\battery.py", line 86, in _get_battery_threshold
    percent = self._battery_state.percent
AttributeError: 'NoneType' object has no attribute 'percent'
2022-09-21 22:30:10 ERROR base.py: Failed to execute callback of type 'update_label' with args: []
Traceback (most recent call last):
  File "C:\Users\mino29\.local\share\yasb\src\core\widgets\base.py", line 84, in _run_callback
    self.callbacks[callback_type](*callback_args)
  File "C:\Users\mino29\.local\share\yasb\src\core\widgets\yasb\battery.py", line 123, in _update_label
    threshold = self._get_battery_threshold()
  File "C:\Users\mino29\.local\share\yasb\src\core\widgets\yasb\battery.py", line 86, in _get_battery_threshold
    percent = self._battery_state.percent
AttributeError: 'NoneType' object has no attribute 'percent'
2022-09-21 22:30:15 ERROR base.py: Failed to execute callback of type 'update_label' with args: []
Traceback (most recent call last):
  File "C:\Users\mino29\.local\share\yasb\src\core\widgets\base.py", line 84, in _run_callback
    self.callbacks[callback_type](*callback_args)
  File "C:\Users\mino29\.local\share\yasb\src\core\widgets\yasb\battery.py", line 123, in _update_label
    threshold = self._get_battery_threshold()
  File "C:\Users\mino29\.local\share\yasb\src\core\widgets\yasb\battery.py", line 86, in _get_battery_threshold
    percent = self._battery_state.percent
AttributeError: 'NoneType' object has no attribute 'percent'
2022-09-21 22:30:20 ERROR base.py: Failed to execute callback of type 'update_label' with args: []
Traceback (most recent call last):
  File "C:\Users\mino29\.local\share\yasb\src\core\widgets\base.py", line 84, in _run_callback
    self.callbacks[callback_type](*callback_args)
  File "C:\Users\mino29\.local\share\yasb\src\core\widgets\yasb\battery.py", line 123, in _update_label
    threshold = self._get_battery_threshold()
  File "C:\Users\mino29\.local\share\yasb\src\core\widgets\yasb\battery.py", line 86, in _get_battery_threshold
    percent = self._battery_state.percent
AttributeError: 'NoneType' object has no attribute 'percent'
2022-09-21 22:30:25 ERROR base.py: Failed to execute callback of type 'update_label' with args: []
Traceback (most recent call last):
  File "C:\Users\mino29\.local\share\yasb\src\core\widgets\base.py", line 84, in _run_callback
    self.callbacks[callback_type](*callback_args)
  File "C:\Users\mino29\.local\share\yasb\src\core\widgets\yasb\battery.py", line 123, in _update_label
    threshold = self._get_battery_threshold()
  File "C:\Users\mino29\.local\share\yasb\src\core\widgets\yasb\battery.py", line 86, in _get_battery_threshold
    percent = self._battery_state.percent
AttributeError: 'NoneType' object has no attribute 'percent'
2022-09-21 22:30:30 ERROR base.py: Failed to execute callback of type 'update_label' with args: []
Traceback (most recent call last):
  File "C:\Users\mino29\.local\share\yasb\src\core\widgets\base.py", line 84, in _run_callback
    self.callbacks[callback_type](*callback_args)
  File "C:\Users\mino29\.local\share\yasb\src\core\widgets\yasb\battery.py", line 123, in _update_label
    threshold = self._get_battery_threshold()
  File "C:\Users\mino29\.local\share\yasb\src\core\widgets\yasb\battery.py", line 86, in _get_battery_threshold
    percent = self._battery_state.percent
AttributeError: 'NoneType' object has no attribute 'percent'
2022-09-21 22:30:35 ERROR base.py: Failed to execute callback of type 'update_label' with args: []
Traceback (most recent call last):
  File "C:\Users\mino29\.local\share\yasb\src\core\widgets\base.py", line 84, in _run_callback
    self.callbacks[callback_type](*callback_args)
  File "C:\Users\mino29\.local\share\yasb\src\core\widgets\yasb\battery.py", line 123, in _update_label
    threshold = self._get_battery_threshold()
  File "C:\Users\mino29\.local\share\yasb\src\core\widgets\yasb\battery.py", line 86, in _get_battery_threshold
    percent = self._battery_state.percent
AttributeError: 'NoneType' object has no attribute 'percent'
2022-09-21 22:30:40 ERROR base.py: Failed to execute callback of type 'update_label' with args: []
Traceback (most recent call last):
  File "C:\Users\mino29\.local\share\yasb\src\core\widgets\base.py", line 84, in _run_callback
    self.callbacks[callback_type](*callback_args)
  File "C:\Users\mino29\.local\share\yasb\src\core\widgets\yasb\battery.py", line 123, in _update_label
    threshold = self._get_battery_threshold()
  File "C:\Users\mino29\.local\share\yasb\src\core\widgets\yasb\battery.py", line 86, in _get_battery_threshold
    percent = self._battery_state.percent
AttributeError: 'NoneType' object has no attribute 'percent'
2022-09-21 22:30:45 ERROR base.py: Failed to execute callback of type 'update_label' with args: []
Traceback (most recent call last):
  File "C:\Users\mino29\.local\share\yasb\src\core\widgets\base.py", line 84, in _run_callback
    self.callbacks[callback_type](*callback_args)
  File "C:\Users\mino29\.local\share\yasb\src\core\widgets\yasb\battery.py", line 123, in _update_label
    threshold = self._get_battery_threshold()
  File "C:\Users\mino29\.local\share\yasb\src\core\widgets\yasb\battery.py", line 86, in _get_battery_threshold
    percent = self._battery_state.percent
AttributeError: 'NoneType' object has no attribute 'percent'
2022-09-21 22:30:50 ERROR base.py: Failed to execute callback of type 'update_label' with args: []
Traceback (most recent call last):
  File "C:\Users\mino29\.local\share\yasb\src\core\widgets\base.py", line 84, in _run_callback
    self.callbacks[callback_type](*callback_args)
  File "C:\Users\mino29\.local\share\yasb\src\core\widgets\yasb\battery.py", line 123, in _update_label
    threshold = self._get_battery_threshold()
  File "C:\Users\mino29\.local\share\yasb\src\core\widgets\yasb\battery.py", line 86, in _get_battery_threshold
    percent = self._battery_state.percent
AttributeError: 'NoneType' object has no attribute 'percent'
2022-09-21 22:30:55 ERROR base.py: Failed to execute callback of type 'update_label' with args: []
Traceback (most recent call last):
  File "C:\Users\mino29\.local\share\yasb\src\core\widgets\base.py", line 84, in _run_callback
    self.callbacks[callback_type](*callback_args)
  File "C:\Users\mino29\.local\share\yasb\src\core\widgets\yasb\battery.py", line 123, in _update_label
    threshold = self._get_battery_threshold()
  File "C:\Users\mino29\.local\share\yasb\src\core\widgets\yasb\battery.py", line 86, in _get_battery_threshold
    percent = self._battery_state.percent
AttributeError: 'NoneType' object has no attribute 'percent'
2022-09-21 22:31:00 ERROR base.py: Failed to execute callback of type 'update_label' with args: []
Traceback (most recent call last):
  File "C:\Users\mino29\.local\share\yasb\src\core\widgets\base.py", line 84, in _run_callback
    self.callbacks[callback_type](*callback_args)
  File "C:\Users\mino29\.local\share\yasb\src\core\widgets\yasb\battery.py", line 123, in _update_label
    threshold = self._get_battery_threshold()
  File "C:\Users\mino29\.local\share\yasb\src\core\widgets\yasb\battery.py", line 86, in _get_battery_threshold
    percent = self._battery_state.percent
AttributeError: 'NoneType' object has no attribute 'percent'
2022-09-21 22:31:05 ERROR base.py: Failed to execute callback of type 'update_label' with args: []
Traceback (most recent call last):
  File "C:\Users\mino29\.local\share\yasb\src\core\widgets\base.py", line 84, in _run_callback
    self.callbacks[callback_type](*callback_args)
  File "C:\Users\mino29\.local\share\yasb\src\core\widgets\yasb\battery.py", line 123, in _update_label
    threshold = self._get_battery_threshold()
  File "C:\Users\mino29\.local\share\yasb\src\core\widgets\yasb\battery.py", line 86, in _get_battery_threshold
    percent = self._battery_state.percent
AttributeError: 'NoneType' object has no attribute 'percent'
2022-09-21 22:31:10 ERROR base.py: Failed to execute callback of type 'update_label' with args: []
Traceback (most recent call last):
  File "C:\Users\mino29\.local\share\yasb\src\core\widgets\base.py", line 84, in _run_callback
    self.callbacks[callback_type](*callback_args)
  File "C:\Users\mino29\.local\share\yasb\src\core\widgets\yasb\battery.py", line 123, in _update_label
    threshold = self._get_battery_threshold()
  File "C:\Users\mino29\.local\share\yasb\src\core\widgets\yasb\battery.py", line 86, in _get_battery_threshold
    percent = self._battery_state.percent
AttributeError: 'NoneType' object has no attribute 'percent'
2022-09-21 22:31:15 ERROR base.py: Failed to execute callback of type 'update_label' with args: []
Traceback (most recent call last):
  File "C:\Users\mino29\.local\share\yasb\src\core\widgets\base.py", line 84, in _run_callback
    self.callbacks[callback_type](*callback_args)
  File "C:\Users\mino29\.local\share\yasb\src\core\widgets\yasb\battery.py", line 123, in _update_label
    threshold = self._get_battery_threshold()
  File "C:\Users\mino29\.local\share\yasb\src\core\widgets\yasb\battery.py", line 86, in _get_battery_threshold
    percent = self._battery_state.percent
AttributeError: 'NoneType' object has no attribute 'percent'
2022-09-21 22:31:20 ERROR base.py: Failed to execute callback of type 'update_label' with args: []
Traceback (most recent call last):
  File "C:\Users\mino29\.local\share\yasb\src\core\widgets\base.py", line 84, in _run_callback
    self.callbacks[callback_type](*callback_args)
  File "C:\Users\mino29\.local\share\yasb\src\core\widgets\yasb\battery.py", line 123, in _update_label
    threshold = self._get_battery_threshold()
  File "C:\Users\mino29\.local\share\yasb\src\core\widgets\yasb\battery.py", line 86, in _get_battery_threshold
    percent = self._battery_state.percent
AttributeError: 'NoneType' object has no attribute 'percent'
2022-09-21 22:31:25 ERROR base.py: Failed to execute callback of type 'update_label' with args: []
Traceback (most recent call last):
  File "C:\Users\mino29\.local\share\yasb\src\core\widgets\base.py", line 84, in _run_callback
    self.callbacks[callback_type](*callback_args)
  File "C:\Users\mino29\.local\share\yasb\src\core\widgets\yasb\battery.py", line 123, in _update_label
    threshold = self._get_battery_threshold()
  File "C:\Users\mino29\.local\share\yasb\src\core\widgets\yasb\battery.py", line 86, in _get_battery_threshold
    percent = self._battery_state.percent
AttributeError: 'NoneType' object has no attribute 'percent'
2022-09-21 22:31:30 ERROR base.py: Failed to execute callback of type 'update_label' with args: []
Traceback (most recent call last):
  File "C:\Users\mino29\.local\share\yasb\src\core\widgets\base.py", line 84, in _run_callback
    self.callbacks[callback_type](*callback_args)
  File "C:\Users\mino29\.local\share\yasb\src\core\widgets\yasb\battery.py", line 123, in _update_label
    threshold = self._get_battery_threshold()
  File "C:\Users\mino29\.local\share\yasb\src\core\widgets\yasb\battery.py", line 86, in _get_battery_threshold
    percent = self._battery_state.percent
AttributeError: 'NoneType' object has no attribute 'percent'
2022-09-21 22:31:35 ERROR base.py: Failed to execute callback of type 'update_label' with args: []
Traceback (most recent call last):
  File "C:\Users\mino29\.local\share\yasb\src\core\widgets\base.py", line 84, in _run_callback
    self.callbacks[callback_type](*callback_args)
  File "C:\Users\mino29\.local\share\yasb\src\core\widgets\yasb\battery.py", line 123, in _update_label
    threshold = self._get_battery_threshold()
  File "C:\Users\mino29\.local\share\yasb\src\core\widgets\yasb\battery.py", line 86, in _get_battery_threshold
    percent = self._battery_state.percent
AttributeError: 'NoneType' object has no attribute 'percent'
2022-09-21 22:31:40 ERROR base.py: Failed to execute callback of type 'update_label' with args: []
Traceback (most recent call last):
  File "C:\Users\mino29\.local\share\yasb\src\core\widgets\base.py", line 84, in _run_callback
    self.callbacks[callback_type](*callback_args)
  File "C:\Users\mino29\.local\share\yasb\src\core\widgets\yasb\battery.py", line 123, in _update_label
    threshold = self._get_battery_threshold()
  File "C:\Users\mino29\.local\share\yasb\src\core\widgets\yasb\battery.py", line 86, in _get_battery_threshold
    percent = self._battery_state.percent
AttributeError: 'NoneType' object has no attribute 'percent'
2022-09-21 22:31:45 ERROR base.py: Failed to execute callback of type 'update_label' with args: []
Traceback (most recent call last):
  File "C:\Users\mino29\.local\share\yasb\src\core\widgets\base.py", line 84, in _run_callback
    self.callbacks[callback_type](*callback_args)
  File "C:\Users\mino29\.local\share\yasb\src\core\widgets\yasb\battery.py", line 123, in _update_label
    threshold = self._get_battery_threshold()
  File "C:\Users\mino29\.local\share\yasb\src\core\widgets\yasb\battery.py", line 86, in _get_battery_threshold
    percent = self._battery_state.percent
AttributeError: 'NoneType' object has no attribute 'percent'
2022-09-21 22:31:50 ERROR base.py: Failed to execute callback of type 'update_label' with args: []
Traceback (most recent call last):
  File "C:\Users\mino29\.local\share\yasb\src\core\widgets\base.py", line 84, in _run_callback
    self.callbacks[callback_type](*callback_args)
  File "C:\Users\mino29\.local\share\yasb\src\core\widgets\yasb\battery.py", line 123, in _update_label
    threshold = self._get_battery_threshold()
  File "C:\Users\mino29\.local\share\yasb\src\core\widgets\yasb\battery.py", line 86, in _get_battery_threshold
    percent = self._battery_state.percent
AttributeError: 'NoneType' object has no attribute 'percent'
2022-09-21 22:31:55 ERROR base.py: Failed to execute callback of type 'update_label' with args: []
Traceback (most recent call last):
  File "C:\Users\mino29\.local\share\yasb\src\core\widgets\base.py", line 84, in _run_callback
    self.callbacks[callback_type](*callback_args)
  File "C:\Users\mino29\.local\share\yasb\src\core\widgets\yasb\battery.py", line 123, in _update_label
    threshold = self._get_battery_threshold()
  File "C:\Users\mino29\.local\share\yasb\src\core\widgets\yasb\battery.py", line 86, in _get_battery_threshold
    percent = self._battery_state.percent
AttributeError: 'NoneType' object has no attribute 'percent'
2022-09-21 22:32:00 ERROR base.py: Failed to execute callback of type 'update_label' with args: []
Traceback (most recent call last):
  File "C:\Users\mino29\.local\share\yasb\src\core\widgets\base.py", line 84, in _run_callback
    self.callbacks[callback_type](*callback_args)
  File "C:\Users\mino29\.local\share\yasb\src\core\widgets\yasb\battery.py", line 123, in _update_label
    threshold = self._get_battery_threshold()
  File "C:\Users\mino29\.local\share\yasb\src\core\widgets\yasb\battery.py", line 86, in _get_battery_threshold
    percent = self._battery_state.percent
AttributeError: 'NoneType' object has no attribute 'percent'
2022-09-21 22:32:05 ERROR base.py: Failed to execute callback of type 'update_label' with args: []
Traceback (most recent call last):
  File "C:\Users\mino29\.local\share\yasb\src\core\widgets\base.py", line 84, in _run_callback
    self.callbacks[callback_type](*callback_args)
  File "C:\Users\mino29\.local\share\yasb\src\core\widgets\yasb\battery.py", line 123, in _update_label
    threshold = self._get_battery_threshold()
  File "C:\Users\mino29\.local\share\yasb\src\core\widgets\yasb\battery.py", line 86, in _get_battery_threshold
    percent = self._battery_state.percent
AttributeError: 'NoneType' object has no attribute 'percent'
2022-09-21 22:32:10 ERROR base.py: Failed to execute callback of type 'update_label' with args: []
Traceback (most recent call last):
  File "C:\Users\mino29\.local\share\yasb\src\core\widgets\base.py", line 84, in _run_callback
    self.callbacks[callback_type](*callback_args)
  File "C:\Users\mino29\.local\share\yasb\src\core\widgets\yasb\battery.py", line 123, in _update_label
    threshold = self._get_battery_threshold()
  File "C:\Users\mino29\.local\share\yasb\src\core\widgets\yasb\battery.py", line 86, in _get_battery_threshold
    percent = self._battery_state.percent
AttributeError: 'NoneType' object has no attribute 'percent'
2022-09-21 22:32:15 ERROR base.py: Failed to execute callback of type 'update_label' with args: []
Traceback (most recent call last):
  File "C:\Users\mino29\.local\share\yasb\src\core\widgets\base.py", line 84, in _run_callback
    self.callbacks[callback_type](*callback_args)
  File "C:\Users\mino29\.local\share\yasb\src\core\widgets\yasb\battery.py", line 123, in _update_label
    threshold = self._get_battery_threshold()
  File "C:\Users\mino29\.local\share\yasb\src\core\widgets\yasb\battery.py", line 86, in _get_battery_threshold
    percent = self._battery_state.percent
AttributeError: 'NoneType' object has no attribute 'percent'
2022-09-21 22:32:20 ERROR base.py: Failed to execute callback of type 'update_label' with args: []
Traceback (most recent call last):
  File "C:\Users\mino29\.local\share\yasb\src\core\widgets\base.py", line 84, in _run_callback
    self.callbacks[callback_type](*callback_args)
  File "C:\Users\mino29\.local\share\yasb\src\core\widgets\yasb\battery.py", line 123, in _update_label
    threshold = self._get_battery_threshold()
  File "C:\Users\mino29\.local\share\yasb\src\core\widgets\yasb\battery.py", line 86, in _get_battery_threshold
    percent = self._battery_state.percent
AttributeError: 'NoneType' object has no attribute 'percent'
2022-09-21 22:32:25 ERROR base.py: Failed to execute callback of type 'update_label' with args: []
Traceback (most recent call last):
  File "C:\Users\mino29\.local\share\yasb\src\core\widgets\base.py", line 84, in _run_callback
    self.callbacks[callback_type](*callback_args)
  File "C:\Users\mino29\.local\share\yasb\src\core\widgets\yasb\battery.py", line 123, in _update_label
    threshold = self._get_battery_threshold()
  File "C:\Users\mino29\.local\share\yasb\src\core\widgets\yasb\battery.py", line 86, in _get_battery_threshold
    percent = self._battery_state.percent
AttributeError: 'NoneType' object has no attribute 'percent'
2022-09-21 22:32:30 ERROR base.py: Failed to execute callback of type 'update_label' with args: []
Traceback (most recent call last):
  File "C:\Users\mino29\.local\share\yasb\src\core\widgets\base.py", line 84, in _run_callback
    self.callbacks[callback_type](*callback_args)
  File "C:\Users\mino29\.local\share\yasb\src\core\widgets\yasb\battery.py", line 123, in _update_label
    threshold = self._get_battery_threshold()
  File "C:\Users\mino29\.local\share\yasb\src\core\widgets\yasb\battery.py", line 86, in _get_battery_threshold
    percent = self._battery_state.percent
AttributeError: 'NoneType' object has no attribute 'percent'
2022-09-21 22:32:35 ERROR base.py: Failed to execute callback of type 'update_label' with args: []
Traceback (most recent call last):
  File "C:\Users\mino29\.local\share\yasb\src\core\widgets\base.py", line 84, in _run_callback
    self.callbacks[callback_type](*callback_args)
  File "C:\Users\mino29\.local\share\yasb\src\core\widgets\yasb\battery.py", line 123, in _update_label
    threshold = self._get_battery_threshold()
  File "C:\Users\mino29\.local\share\yasb\src\core\widgets\yasb\battery.py", line 86, in _get_battery_threshold
    percent = self._battery_state.percent
AttributeError: 'NoneType' object has no attribute 'percent'
2022-09-21 22:32:40 ERROR base.py: Failed to execute callback of type 'update_label' with args: []
Traceback (most recent call last):
  File "C:\Users\mino29\.local\share\yasb\src\core\widgets\base.py", line 84, in _run_callback
    self.callbacks[callback_type](*callback_args)
  File "C:\Users\mino29\.local\share\yasb\src\core\widgets\yasb\battery.py", line 123, in _update_label
    threshold = self._get_battery_threshold()
  File "C:\Users\mino29\.local\share\yasb\src\core\widgets\yasb\battery.py", line 86, in _get_battery_threshold
    percent = self._battery_state.percent
AttributeError: 'NoneType' object has no attribute 'percent'
2022-09-21 22:32:45 ERROR base.py: Failed to execute callback of type 'update_label' with args: []
Traceback (most recent call last):
  File "C:\Users\mino29\.local\share\yasb\src\core\widgets\base.py", line 84, in _run_callback
    self.callbacks[callback_type](*callback_args)
  File "C:\Users\mino29\.local\share\yasb\src\core\widgets\yasb\battery.py", line 123, in _update_label
    threshold = self._get_battery_threshold()
  File "C:\Users\mino29\.local\share\yasb\src\core\widgets\yasb\battery.py", line 86, in _get_battery_threshold
    percent = self._battery_state.percent
AttributeError: 'NoneType' object has no attribute 'percent'
2022-09-21 22:32:50 ERROR base.py: Failed to execute callback of type 'update_label' with args: []
Traceback (most recent call last):
  File "C:\Users\mino29\.local\share\yasb\src\core\widgets\base.py", line 84, in _run_callback
    self.callbacks[callback_type](*callback_args)
  File "C:\Users\mino29\.local\share\yasb\src\core\widgets\yasb\battery.py", line 123, in _update_label
    threshold = self._get_battery_threshold()
  File "C:\Users\mino29\.local\share\yasb\src\core\widgets\yasb\battery.py", line 86, in _get_battery_threshold
    percent = self._battery_state.percent
AttributeError: 'NoneType' object has no attribute 'percent'
2022-09-21 22:32:55 ERROR base.py: Failed to execute callback of type 'update_label' with args: []
Traceback (most recent call last):
  File "C:\Users\mino29\.local\share\yasb\src\core\widgets\base.py", line 84, in _run_callback
    self.callbacks[callback_type](*callback_args)
  File "C:\Users\mino29\.local\share\yasb\src\core\widgets\yasb\battery.py", line 123, in _update_label
    threshold = self._get_battery_threshold()
  File "C:\Users\mino29\.local\share\yasb\src\core\widgets\yasb\battery.py", line 86, in _get_battery_threshold
    percent = self._battery_state.percent
AttributeError: 'NoneType' object has no attribute 'percent'
2022-09-21 22:33:00 ERROR base.py: Failed to execute callback of type 'update_label' with args: []
Traceback (most recent call last):
  File "C:\Users\mino29\.local\share\yasb\src\core\widgets\base.py", line 84, in _run_callback
    self.callbacks[callback_type](*callback_args)
  File "C:\Users\mino29\.local\share\yasb\src\core\widgets\yasb\battery.py", line 123, in _update_label
    threshold = self._get_battery_threshold()
  File "C:\Users\mino29\.local\share\yasb\src\core\widgets\yasb\battery.py", line 86, in _get_battery_threshold
    percent = self._battery_state.percent
AttributeError: 'NoneType' object has no attribute 'percent'
2022-09-21 22:33:05 ERROR base.py: Failed to execute callback of type 'update_label' with args: []
Traceback (most recent call last):
  File "C:\Users\mino29\.local\share\yasb\src\core\widgets\base.py", line 84, in _run_callback
    self.callbacks[callback_type](*callback_args)
  File "C:\Users\mino29\.local\share\yasb\src\core\widgets\yasb\battery.py", line 123, in _update_label
    threshold = self._get_battery_threshold()
  File "C:\Users\mino29\.local\share\yasb\src\core\widgets\yasb\battery.py", line 86, in _get_battery_threshold
    percent = self._battery_state.percent
AttributeError: 'NoneType' object has no attribute 'percent'
2022-09-21 22:33:10 ERROR base.py: Failed to execute callback of type 'update_label' with args: []
Traceback (most recent call last):
  File "C:\Users\mino29\.local\share\yasb\src\core\widgets\base.py", line 84, in _run_callback
    self.callbacks[callback_type](*callback_args)
  File "C:\Users\mino29\.local\share\yasb\src\core\widgets\yasb\battery.py", line 123, in _update_label
    threshold = self._get_battery_threshold()
  File "C:\Users\mino29\.local\share\yasb\src\core\widgets\yasb\battery.py", line 86, in _get_battery_threshold
    percent = self._battery_state.percent
AttributeError: 'NoneType' object has no attribute 'percent'
2022-09-21 22:33:15 ERROR base.py: Failed to execute callback of type 'update_label' with args: []
Traceback (most recent call last):
  File "C:\Users\mino29\.local\share\yasb\src\core\widgets\base.py", line 84, in _run_callback
    self.callbacks[callback_type](*callback_args)
  File "C:\Users\mino29\.local\share\yasb\src\core\widgets\yasb\battery.py", line 123, in _update_label
    threshold = self._get_battery_threshold()
  File "C:\Users\mino29\.local\share\yasb\src\core\widgets\yasb\battery.py", line 86, in _get_battery_threshold
    percent = self._battery_state.percent
AttributeError: 'NoneType' object has no attribute 'percent'
2022-09-21 22:33:20 ERROR base.py: Failed to execute callback of type 'update_label' with args: []
Traceback (most recent call last):
  File "C:\Users\mino29\.local\share\yasb\src\core\widgets\base.py", line 84, in _run_callback
    self.callbacks[callback_type](*callback_args)
  File "C:\Users\mino29\.local\share\yasb\src\core\widgets\yasb\battery.py", line 123, in _update_label
    threshold = self._get_battery_threshold()
  File "C:\Users\mino29\.local\share\yasb\src\core\widgets\yasb\battery.py", line 86, in _get_battery_threshold
    percent = self._battery_state.percent
AttributeError: 'NoneType' object has no attribute 'percent'
2022-09-21 22:33:25 ERROR base.py: Failed to execute callback of type 'update_label' with args: []
Traceback (most recent call last):
  File "C:\Users\mino29\.local\share\yasb\src\core\widgets\base.py", line 84, in _run_callback
    self.callbacks[callback_type](*callback_args)
  File "C:\Users\mino29\.local\share\yasb\src\core\widgets\yasb\battery.py", line 123, in _update_label
    threshold = self._get_battery_threshold()
  File "C:\Users\mino29\.local\share\yasb\src\core\widgets\yasb\battery.py", line 86, in _get_battery_threshold
    percent = self._battery_state.percent
AttributeError: 'NoneType' object has no attribute 'percent'
2022-09-21 22:33:30 ERROR base.py: Failed to execute callback of type 'update_label' with args: []
Traceback (most recent call last):
  File "C:\Users\mino29\.local\share\yasb\src\core\widgets\base.py", line 84, in _run_callback
    self.callbacks[callback_type](*callback_args)
  File "C:\Users\mino29\.local\share\yasb\src\core\widgets\yasb\battery.py", line 123, in _update_label
    threshold = self._get_battery_threshold()
  File "C:\Users\mino29\.local\share\yasb\src\core\widgets\yasb\battery.py", line 86, in _get_battery_threshold
    percent = self._battery_state.percent
AttributeError: 'NoneType' object has no attribute 'percent'
2022-09-21 22:33:35 ERROR base.py: Failed to execute callback of type 'update_label' with args: []
Traceback (most recent call last):
  File "C:\Users\mino29\.local\share\yasb\src\core\widgets\base.py", line 84, in _run_callback
    self.callbacks[callback_type](*callback_args)
  File "C:\Users\mino29\.local\share\yasb\src\core\widgets\yasb\battery.py", line 123, in _update_label
    threshold = self._get_battery_threshold()
  File "C:\Users\mino29\.local\share\yasb\src\core\widgets\yasb\battery.py", line 86, in _get_battery_threshold
    percent = self._battery_state.percent
AttributeError: 'NoneType' object has no attribute 'percent'
2022-09-21 22:33:40 ERROR base.py: Failed to execute callback of type 'update_label' with args: []
Traceback (most recent call last):
  File "C:\Users\mino29\.local\share\yasb\src\core\widgets\base.py", line 84, in _run_callback
    self.callbacks[callback_type](*callback_args)
  File "C:\Users\mino29\.local\share\yasb\src\core\widgets\yasb\battery.py", line 123, in _update_label
    threshold = self._get_battery_threshold()
  File "C:\Users\mino29\.local\share\yasb\src\core\widgets\yasb\battery.py", line 86, in _get_battery_threshold
    percent = self._battery_state.percent
AttributeError: 'NoneType' object has no attribute 'percent'
2022-09-21 22:33:45 ERROR base.py: Failed to execute callback of type 'update_label' with args: []
Traceback (most recent call last):
  File "C:\Users\mino29\.local\share\yasb\src\core\widgets\base.py", line 84, in _run_callback
    self.callbacks[callback_type](*callback_args)
  File "C:\Users\mino29\.local\share\yasb\src\core\widgets\yasb\battery.py", line 123, in _update_label
    threshold = self._get_battery_threshold()
  File "C:\Users\mino29\.local\share\yasb\src\core\widgets\yasb\battery.py", line 86, in _get_battery_threshold
    percent = self._battery_state.percent
AttributeError: 'NoneType' object has no attribute 'percent'
2022-09-21 22:33:50 ERROR base.py: Failed to execute callback of type 'update_label' with args: []
Traceback (most recent call last):
  File "C:\Users\mino29\.local\share\yasb\src\core\widgets\base.py", line 84, in _run_callback
    self.callbacks[callback_type](*callback_args)
  File "C:\Users\mino29\.local\share\yasb\src\core\widgets\yasb\battery.py", line 123, in _update_label
    threshold = self._get_battery_threshold()
  File "C:\Users\mino29\.local\share\yasb\src\core\widgets\yasb\battery.py", line 86, in _get_battery_threshold
    percent = self._battery_state.percent
AttributeError: 'NoneType' object has no attribute 'percent'
2022-09-21 22:33:55 ERROR base.py: Failed to execute callback of type 'update_label' with args: []
Traceback (most recent call last):
  File "C:\Users\mino29\.local\share\yasb\src\core\widgets\base.py", line 84, in _run_callback
    self.callbacks[callback_type](*callback_args)
  File "C:\Users\mino29\.local\share\yasb\src\core\widgets\yasb\battery.py", line 123, in _update_label
    threshold = self._get_battery_threshold()
  File "C:\Users\mino29\.local\share\yasb\src\core\widgets\yasb\battery.py", line 86, in _get_battery_threshold
    percent = self._battery_state.percent
AttributeError: 'NoneType' object has no attribute 'percent'
2022-09-21 22:34:00 ERROR base.py: Failed to execute callback of type 'update_label' with args: []
Traceback (most recent call last):
  File "C:\Users\mino29\.local\share\yasb\src\core\widgets\base.py", line 84, in _run_callback
    self.callbacks[callback_type](*callback_args)
  File "C:\Users\mino29\.local\share\yasb\src\core\widgets\yasb\battery.py", line 123, in _update_label
    threshold = self._get_battery_threshold()
  File "C:\Users\mino29\.local\share\yasb\src\core\widgets\yasb\battery.py", line 86, in _get_battery_threshold
    percent = self._battery_state.percent
AttributeError: 'NoneType' object has no attribute 'percent'
2022-09-21 22:34:05 ERROR base.py: Failed to execute callback of type 'update_label' with args: []
Traceback (most recent call last):
  File "C:\Users\mino29\.local\share\yasb\src\core\widgets\base.py", line 84, in _run_callback
    self.callbacks[callback_type](*callback_args)
  File "C:\Users\mino29\.local\share\yasb\src\core\widgets\yasb\battery.py", line 123, in _update_label
    threshold = self._get_battery_threshold()
  File "C:\Users\mino29\.local\share\yasb\src\core\widgets\yasb\battery.py", line 86, in _get_battery_threshold
    percent = self._battery_state.percent
AttributeError: 'NoneType' object has no attribute 'percent'
2022-09-21 22:34:10 ERROR base.py: Failed to execute callback of type 'update_label' with args: []
Traceback (most recent call last):
  File "C:\Users\mino29\.local\share\yasb\src\core\widgets\base.py", line 84, in _run_callback
    self.callbacks[callback_type](*callback_args)
  File "C:\Users\mino29\.local\share\yasb\src\core\widgets\yasb\battery.py", line 123, in _update_label
    threshold = self._get_battery_threshold()
  File "C:\Users\mino29\.local\share\yasb\src\core\widgets\yasb\battery.py", line 86, in _get_battery_threshold
    percent = self._battery_state.percent
AttributeError: 'NoneType' object has no attribute 'percent'
2022-09-21 22:34:15 ERROR base.py: Failed to execute callback of type 'update_label' with args: []
Traceback (most recent call last):
  File "C:\Users\mino29\.local\share\yasb\src\core\widgets\base.py", line 84, in _run_callback
    self.callbacks[callback_type](*callback_args)
  File "C:\Users\mino29\.local\share\yasb\src\core\widgets\yasb\battery.py", line 123, in _update_label
    threshold = self._get_battery_threshold()
  File "C:\Users\mino29\.local\share\yasb\src\core\widgets\yasb\battery.py", line 86, in _get_battery_threshold
    percent = self._battery_state.percent
AttributeError: 'NoneType' object has no attribute 'percent'
2022-09-21 22:34:00 ERROR base.py: Failed to execute callback of type 'update_label' with args: []
Traceback (most recent call last):
  File "C:\Users\mino29\.local\share\yasb\src\core\widgets\base.py", line 84, in _run_callback
    self.callbacks[callback_type](*callback_args)
  File "C:\Users\mino29\.local\share\yasb\src\core\widgets\yasb\battery.py", line 123, in _update_label
    threshold = self._get_battery_threshold()
  File "C:\Users\mino29\.local\share\yasb\src\core\widgets\yasb\battery.py", line 86, in _get_battery_threshold
    percent = self._battery_state.percent
AttributeError: 'NoneType' object has no attribute 'percent'
2022-09-21 22:34:02 INFO event_listener.py: Komorebi connected to named pipe: yasb-750becac-39b9-11ed-b1bb-8cb87e52cdc5
2022-09-21 22:34:05 ERROR base.py: Failed to execute callback of type 'update_label' with args: []
Traceback (most recent call last):
  File "C:\Users\mino29\.local\share\yasb\src\core\widgets\base.py", line 84, in _run_callback
    self.callbacks[callback_type](*callback_args)
  File "C:\Users\mino29\.local\share\yasb\src\core\widgets\yasb\battery.py", line 123, in _update_label
    threshold = self._get_battery_threshold()
  File "C:\Users\mino29\.local\share\yasb\src\core\widgets\yasb\battery.py", line 86, in _get_battery_threshold
    percent = self._battery_state.percent
AttributeError: 'NoneType' object has no attribute 'percent'
2022-09-21 22:34:10 ERROR base.py: Failed to execute callback of type 'update_label' with args: []
Traceback (most recent call last):
  File "C:\Users\mino29\.local\share\yasb\src\core\widgets\base.py", line 84, in _run_callback
    self.callbacks[callback_type](*callback_args)
  File "C:\Users\mino29\.local\share\yasb\src\core\widgets\yasb\battery.py", line 123, in _update_label
    threshold = self._get_battery_threshold()
  File "C:\Users\mino29\.local\share\yasb\src\core\widgets\yasb\battery.py", line 86, in _get_battery_threshold
    percent = self._battery_state.percent
AttributeError: 'NoneType' object has no attribute 'percent'
2022-09-21 22:34:15 ERROR base.py: Failed to execute callback of type 'update_label' with args: []
Traceback (most recent call last):
  File "C:\Users\mino29\.local\share\yasb\src\core\widgets\base.py", line 84, in _run_callback
    self.callbacks[callback_type](*callback_args)
  File "C:\Users\mino29\.local\share\yasb\src\core\widgets\yasb\battery.py", line 123, in _update_label
    threshold = self._get_battery_threshold()
  File "C:\Users\mino29\.local\share\yasb\src\core\widgets\yasb\battery.py", line 86, in _get_battery_threshold
    percent = self._battery_state.percent
AttributeError: 'NoneType' object has no attribute 'percent'
2022-09-21 22:34:20 ERROR base.py: Failed to execute callback of type 'update_label' with args: []
Traceback (most recent call last):
  File "C:\Users\mino29\.local\share\yasb\src\core\widgets\base.py", line 84, in _run_callback
    self.callbacks[callback_type](*callback_args)
  File "C:\Users\mino29\.local\share\yasb\src\core\widgets\yasb\battery.py", line 123, in _update_label
    threshold = self._get_battery_threshold()
  File "C:\Users\mino29\.local\share\yasb\src\core\widgets\yasb\battery.py", line 86, in _get_battery_threshold
    percent = self._battery_state.percent
AttributeError: 'NoneType' object has no attribute 'percent'
t call last):
  File "C:\Users\mino29\.local\share\yasb\src\core\widgets\base.py", line 84, in _run_callback
    self.callbacks[callback_type](*callback_args)
  File "C:\Users\mino29\.local\share\yasb\src\core\widgets\yasb\battery.py", line 123, in _update_label
    threshold = self._get_battery_threshold()
  File "C:\Users\mino29\.local\share\yasb\src\core\widgets\yasb\battery.py", line 86, in _get_battery_threshold
    percent = self._battery_state.percent
AttributeError: 'NoneType' object has no attribute 'percent'
2022-09-21 22:32:46 ERROR base.py: Failed to execute callback of type 'update_label' with args: []
Traceback (most recent call last):
  File "C:\Users\mino29\.local\share\yasb\src\core\widgets\base.py", line 84, in _run_callback
    self.callbacks[callback_type](*callback_args)
  File "C:\Users\mino29\.local\share\yasb\src\core\widgets\yasb\battery.py", line 123, in _update_label
    threshold = self._get_battery_threshold()
  File "C:\Users\mino29\.local\share\yasb\src\core\widgets\yasb\battery.py", line 86, in _get_battery_threshold
    percent = self._battery_state.percent
AttributeError: 'NoneType' object has no attribute 'percent'
2022-09-21 22:32:51 ERROR base.py: Failed to execute callback of type 'update_label' with args: []
Traceback (most recent call last):
  File "C:\Users\mino29\.local\share\yasb\src\core\widgets\base.py", line 84, in _run_callback
    self.callbacks[callback_type](*callback_args)
  File "C:\Users\mino29\.local\share\yasb\src\core\widgets\yasb\battery.py", line 123, in _update_label
    threshold = self._get_battery_threshold()
  File "C:\Users\mino29\.local\share\yasb\src\core\widgets\yasb\battery.py", line 86, in _get_battery_threshold
    percent = self._battery_state.percent
AttributeError: 'NoneType' object has no attribute 'percent'
2022-09-21 22:32:56 ERROR base.py: Failed to execute callback of type 'update_label' with args: []
Traceback (most recent call last):
  File "C:\Users\mino29\.local\share\yasb\src\core\widgets\base.py", line 84, in _run_callback
    self.callbacks[callback_type](*callback_args)
  File "C:\Users\mino29\.local\share\yasb\src\core\widgets\yasb\battery.py", line 123, in _update_label
    threshold = self._get_battery_threshold()
  File "C:\Users\mino29\.local\share\yasb\src\core\widgets\yasb\battery.py", line 86, in _get_battery_threshold
    percent = self._battery_state.percent
AttributeError: 'NoneType' object has no attribute 'percent'
2022-09-21 22:33:01 ERROR base.py: Failed to execute callback of type 'update_label' with args: []
Traceback (most recent call last):
  File "C:\Users\mino29\.local\share\yasb\src\core\widgets\base.py", line 84, in _run_callback
    self.callbacks[callback_type](*callback_args)
  File "C:\Users\mino29\.local\share\yasb\src\core\widgets\yasb\battery.py", line 123, in _update_label
    threshold = self._get_battery_threshold()
  File "C:\Users\mino29\.local\share\yasb\src\core\widgets\yasb\battery.py", line 86, in _get_battery_threshold
    percent = self._battery_state.percent
AttributeError: 'NoneType' object has no attribute 'percent'
2022-09-21 22:33:06 ERROR base.py: Failed to execute callback of type 'update_label' with args: []
Traceback (most recent call last):
  File "C:\Users\mino29\.local\share\yasb\src\core\widgets\base.py", line 84, in _run_callback
    self.callbacks[callback_type](*callback_args)
  File "C:\Users\mino29\.local\share\yasb\src\core\widgets\yasb\battery.py", line 123, in _update_label
    threshold = self._get_battery_threshold()
  File "C:\Users\mino29\.local\share\yasb\src\core\widgets\yasb\battery.py", line 86, in _get_battery_threshold
    percent = self._battery_state.percent
AttributeError: 'NoneType' object has no attribute 'percent'
2022-09-21 22:33:11 ERROR base.py: Failed to execute callback of type 'update_label' with args: []
Traceback (most recent call last):
  File "C:\Users\mino29\.local\share\yasb\src\core\widgets\base.py", line 84, in _run_callback
    self.callbacks[callback_type](*callback_args)
  File "C:\Users\mino29\.local\share\yasb\src\core\widgets\yasb\battery.py", line 123, in _update_label
    threshold = self._get_battery_threshold()
  File "C:\Users\mino29\.local\share\yasb\src\core\widgets\yasb\battery.py", line 86, in _get_battery_threshold
    percent = self._battery_state.percent
AttributeError: 'NoneType' object has no attribute 'percent'
2022-09-21 22:33:17 ERROR base.py: Failed to execute callback of type 'update_label' with args: []
Traceback (most recent call last):
  File "C:\Users\mino29\.local\share\yasb\src\core\widgets\base.py", line 84, in _run_callback
    self.callbacks[callback_type](*callback_args)
  File "C:\Users\mino29\.local\share\yasb\src\core\widgets\yasb\battery.py", line 123, in _update_label
    threshold = self._get_battery_threshold()
  File "C:\Users\mino29\.local\share\yasb\src\core\widgets\yasb\battery.py", line 86, in _get_battery_threshold
    percent = self._battery_state.percent
AttributeError: 'NoneType' object has no attribute 'percent'
2022-09-21 22:33:21 ERROR base.py: Failed to execute callback of type 'update_label' with args: []
Traceback (most recent call last):
  File "C:\Users\mino29\.local\share\yasb\src\core\widgets\base.py", line 84, in _run_callback
    self.callbacks[callback_type](*callback_args)
  File "C:\Users\mino29\.local\share\yasb\src\core\widgets\yasb\battery.py", line 123, in _update_label
    threshold = self._get_battery_threshold()
  File "C:\Users\mino29\.local\share\yasb\src\core\widgets\yasb\battery.py", line 86, in _get_battery_threshold
    percent = self._battery_state.percent
AttributeError: 'NoneType' object has no attribute 'percent'
2022-09-21 22:33:26 ERROR base.py: Failed to execute callback of type 'update_label' with args: []
Traceback (most recent call last):
  File "C:\Users\mino29\.local\share\yasb\src\core\widgets\base.py", line 84, in _run_callback
    self.callbacks[callback_type](*callback_args)
  File "C:\Users\mino29\.local\share\yasb\src\core\widgets\yasb\battery.py", line 123, in _update_label
    threshold = self._get_battery_threshold()
  File "C:\Users\mino29\.local\share\yasb\src\core\widgets\yasb\battery.py", line 86, in _get_battery_threshold
    percent = self._battery_state.percent
AttributeError: 'NoneType' object has no attribute 'percent'
2022-09-21 22:33:31 ERROR base.py: Failed to execute callback of type 'update_label' with args: []
Traceback (most recent call last):
  File "C:\Users\mino29\.local\share\yasb\src\core\widgets\base.py", line 84, in _run_callback
    self.callbacks[callback_type](*callback_args)
  File "C:\Users\mino29\.local\share\yasb\src\core\widgets\yasb\battery.py", line 123, in _update_label
    threshold = self._get_battery_threshold()
  File "C:\Users\mino29\.local\share\yasb\src\core\widgets\yasb\battery.py", line 86, in _get_battery_threshold
    percent = self._battery_state.percent
AttributeError: 'NoneType' object has no attribute 'percent'
2022-09-21 22:33:36 ERROR base.py: Failed to execute callback of type 'update_label' with args: []
Traceback (most recent call last):
  File "C:\Users\mino29\.local\share\yasb\src\core\widgets\base.py", line 84, in _run_callback
    self.callbacks[callback_type](*callback_args)
  File "C:\Users\mino29\.local\share\yasb\src\core\widgets\yasb\battery.py", line 123, in _update_label
    threshold = self._get_battery_threshold()
  File "C:\Users\mino29\.local\share\yasb\src\core\widgets\yasb\battery.py", line 86, in _get_battery_threshold
    percent = self._battery_state.percent
AttributeError: 'NoneType' object has no attribute 'percent'
2022-09-21 22:33:41 ERROR base.py: Failed to execute callback of type 'update_label' with args: []
Traceback (most recent call last):
  File "C:\Users\mino29\.local\share\yasb\src\core\widgets\base.py", line 84, in _run_callback
    self.callbacks[callback_type](*callback_args)
  File "C:\Users\mino29\.local\share\yasb\src\core\widgets\yasb\battery.py", line 123, in _update_label
    threshold = self._get_battery_threshold()
  File "C:\Users\mino29\.local\share\yasb\src\core\widgets\yasb\battery.py", line 86, in _get_battery_threshold
    percent = self._battery_state.percent
AttributeError: 'NoneType' object has no attribute 'percent'
2022-09-21 22:33:46 ERROR base.py: Failed to execute callback of type 'update_label' with args: []
Traceback (most recent call last):
  File "C:\Users\mino29\.local\share\yasb\src\core\widgets\base.py", line 84, in _run_callback
    self.callbacks[callback_type](*callback_args)
  File "C:\Users\mino29\.local\share\yasb\src\core\widgets\yasb\battery.py", line 123, in _update_label
    threshold = self._get_battery_threshold()
  File "C:\Users\mino29\.local\share\yasb\src\core\widgets\yasb\battery.py", line 86, in _get_battery_threshold
    percent = self._battery_state.percent
AttributeError: 'NoneType' object has no attribute 'percent'
2022-09-21 22:33:51 ERROR base.py: Failed to execute callback of type 'update_label' with args: []
Traceback (most recent call last):
  File "C:\Users\mino29\.local\share\yasb\src\core\widgets\base.py", line 84, in _run_callback
    self.callbacks[callback_type](*callback_args)
  File "C:\Users\mino29\.local\share\yasb\src\core\widgets\yasb\battery.py", line 123, in _update_label
    threshold = self._get_battery_threshold()
  File "C:\Users\mino29\.local\share\yasb\src\core\widgets\yasb\battery.py", line 86, in _get_battery_threshold
    percent = self._battery_state.percent
AttributeError: 'NoneType' object has no attribute 'percent'
2022-09-21 22:33:56 ERROR base.py: Failed to execute callback of type 'update_label' with args: []
Traceback (most recent call last):
  File "C:\Users\mino29\.local\share\yasb\src\core\widgets\base.py", line 84, in _run_callback
    self.callbacks[callback_type](*callback_args)
  File "C:\Users\mino29\.local\share\yasb\src\core\widgets\yasb\battery.py", line 123, in _update_label
    threshold = self._get_battery_threshold()
  File "C:\Users\mino29\.local\share\yasb\src\core\widgets\yasb\battery.py", line 86, in _get_battery_threshold
    percent = self._battery_state.percent
AttributeError: 'NoneType' object has no attribute 'percent'
l last):
  File "C:\Users\mino29\.local\share\yasb\src\core\widgets\base.py", line 84, in _run_callback
    self.callbacks[callback_type](*callback_args)
  File "C:\Users\mino29\.local\share\yasb\src\core\widgets\yasb\battery.py", line 123, in _update_label
    threshold = self._get_battery_threshold()
  File "C:\Users\mino29\.local\share\yasb\src\core\widgets\yasb\battery.py", line 86, in _get_battery_threshold
    percent = self._battery_state.percent
AttributeError: 'NoneType' object has no attribute 'percent'
2022-09-21 22:32:29 ERROR base.py: Failed to execute callback of type 'update_label' with args: []
Traceback (most recent call last):
  File "C:\Users\mino29\.local\share\yasb\src\core\widgets\base.py", line 84, in _run_callback
    self.callbacks[callback_type](*callback_args)
  File "C:\Users\mino29\.local\share\yasb\src\core\widgets\yasb\battery.py", line 123, in _update_label
    threshold = self._get_battery_threshold()
  File "C:\Users\mino29\.local\share\yasb\src\core\widgets\yasb\battery.py", line 86, in _get_battery_threshold
    percent = self._battery_state.percent
AttributeError: 'NoneType' object has no attribute 'percent'
2022-09-21 22:32:34 ERROR base.py: Failed to execute callback of type 'update_label' with args: []
Traceback (most recent call last):
  File "C:\Users\mino29\.local\share\yasb\src\core\widgets\base.py", line 84, in _run_callback
    self.callbacks[callback_type](*callback_args)
  File "C:\Users\mino29\.local\share\yasb\src\core\widgets\yasb\battery.py", line 123, in _update_label
    threshold = self._get_battery_threshold()
  File "C:\Users\mino29\.local\share\yasb\src\core\widgets\yasb\battery.py", line 86, in _get_battery_threshold
    percent = self._battery_state.percent
AttributeError: 'NoneType' object has no attribute 'percent'
2022-09-21 22:32:39 ERROR base.py: Failed to execute callback of type 'update_label' with args: []
Traceback (most recent call last):
  File "C:\Users\mino29\.local\share\yasb\src\core\widgets\base.py", line 84, in _run_callback
    self.callbacks[callback_type](*callback_args)
  File "C:\Users\mino29\.local\share\yasb\src\core\widgets\yasb\battery.py", line 123, in _update_label
    threshold = self._get_battery_threshold()
  File "C:\Users\mino29\.local\share\yasb\src\core\widgets\yasb\battery.py", line 86, in _get_battery_threshold
    percent = self._battery_state.percent
AttributeError: 'NoneType' object has no attribute 'percent'
2022-09-21 22:32:44 ERROR base.py: Failed to execute callback of type 'update_label' with args: []
Traceback (most recent call last):
  File "C:\Users\mino29\.local\share\yasb\src\core\widgets\base.py", line 84, in _run_callback
    self.callbacks[callback_type](*callback_args)
  File "C:\Users\mino29\.local\share\yasb\src\core\widgets\yasb\battery.py", line 123, in _update_label
    threshold = self._get_battery_threshold()
  File "C:\Users\mino29\.local\share\yasb\src\core\widgets\yasb\battery.py", line 86, in _get_battery_threshold
    percent = self._battery_state.percent
AttributeError: 'NoneType' object has no attribute 'percent'
2022-09-21 22:32:49 ERROR base.py: Failed to execute callback of type 'update_label' with args: []
Traceback (most recent call last):
  File "C:\Users\mino29\.local\share\yasb\src\core\widgets\base.py", line 84, in _run_callback
    self.callbacks[callback_type](*callback_args)
  File "C:\Users\mino29\.local\share\yasb\src\core\widgets\yasb\battery.py", line 123, in _update_label
    threshold = self._get_battery_threshold()
  File "C:\Users\mino29\.local\share\yasb\src\core\widgets\yasb\battery.py", line 86, in _get_battery_threshold
    percent = self._battery_state.percent
AttributeError: 'NoneType' object has no attribute 'percent'
2022-09-21 22:32:54 ERROR base.py: Failed to execute callback of type 'update_label' with args: []
Traceback (most recent call last):
  File "C:\Users\mino29\.local\share\yasb\src\core\widgets\base.py", line 84, in _run_callback
    self.callbacks[callback_type](*callback_args)
  File "C:\Users\mino29\.local\share\yasb\src\core\widgets\yasb\battery.py", line 123, in _update_label
    threshold = self._get_battery_threshold()
  File "C:\Users\mino29\.local\share\yasb\src\core\widgets\yasb\battery.py", line 86, in _get_battery_threshold
    percent = self._battery_state.percent
AttributeError: 'NoneType' object has no attribute 'percent'
2022-09-21 22:32:59 ERROR base.py: Failed to execute callback of type 'update_label' with args: []
Traceback (most recent call last):
  File "C:\Users\mino29\.local\share\yasb\src\core\widgets\base.py", line 84, in _run_callback
    self.callbacks[callback_type](*callback_args)
  File "C:\Users\mino29\.local\share\yasb\src\core\widgets\yasb\battery.py", line 123, in _update_label
    threshold = self._get_battery_threshold()
  File "C:\Users\mino29\.local\share\yasb\src\core\widgets\yasb\battery.py", line 86, in _get_battery_threshold
    percent = self._battery_state.percent
AttributeError: 'NoneType' object has no attribute 'percent'
2022-09-21 22:33:04 ERROR base.py: Failed to execute callback of type 'update_label' with args: []
Traceback (most recent call last):
  File "C:\Users\mino29\.local\share\yasb\src\core\widgets\base.py", line 84, in _run_callback
    self.callbacks[callback_type](*callback_args)
  File "C:\Users\mino29\.local\share\yasb\src\core\widgets\yasb\battery.py", line 123, in _update_label
    threshold = self._get_battery_threshold()
  File "C:\Users\mino29\.local\share\yasb\src\core\widgets\yasb\battery.py", line 86, in _get_battery_threshold
    percent = self._battery_state.percent
AttributeError: 'NoneType' object has no attribute 'percent'
2022-09-21 22:33:09 ERROR base.py: Failed to execute callback of type 'update_label' with args: []
Traceback (most recent call last):
  File "C:\Users\mino29\.local\share\yasb\src\core\widgets\base.py", line 84, in _run_callback
    self.callbacks[callback_type](*callback_args)
  File "C:\Users\mino29\.local\share\yasb\src\core\widgets\yasb\battery.py", line 123, in _update_label
    threshold = self._get_battery_threshold()
  File "C:\Users\mino29\.local\share\yasb\src\core\widgets\yasb\battery.py", line 86, in _get_battery_threshold
    percent = self._battery_state.percent
AttributeError: 'NoneType' object has no attribute 'percent'
2022-09-21 22:33:14 ERROR base.py: Failed to execute callback of type 'update_label' with args: []
Traceback (most recent call last):
  File "C:\Users\mino29\.local\share\yasb\src\core\widgets\base.py", line 84, in _run_callback
    self.callbacks[callback_type](*callback_args)
  File "C:\Users\mino29\.local\share\yasb\src\core\widgets\yasb\battery.py", line 123, in _update_label
    threshold = self._get_battery_threshold()
  File "C:\Users\mino29\.local\share\yasb\src\core\widgets\yasb\battery.py", line 86, in _get_battery_threshold
    percent = self._battery_state.percent
AttributeError: 'NoneType' object has no attribute 'percent'
2022-09-21 22:33:19 ERROR base.py: Failed to execute callback of type 'update_label' with args: []
Traceback (most recent call last):
  File "C:\Users\mino29\.local\share\yasb\src\core\widgets\base.py", line 84, in _run_callback
    self.callbacks[callback_type](*callback_args)
  File "C:\Users\mino29\.local\share\yasb\src\core\widgets\yasb\battery.py", line 123, in _update_label
    threshold = self._get_battery_threshold()
  File "C:\Users\mino29\.local\share\yasb\src\core\widgets\yasb\battery.py", line 86, in _get_battery_threshold
    percent = self._battery_state.percent
AttributeError: 'NoneType' object has no attribute 'percent'
2022-09-21 22:33:24 ERROR base.py: Failed to execute callback of type 'update_label' with args: []
Traceback (most recent call last):
  File "C:\Users\mino29\.local\share\yasb\src\core\widgets\base.py", line 84, in _run_callback
    self.callbacks[callback_type](*callback_args)
  File "C:\Users\mino29\.local\share\yasb\src\core\widgets\yasb\battery.py", line 123, in _update_label
    threshold = self._get_battery_threshold()
  File "C:\Users\mino29\.local\share\yasb\src\core\widgets\yasb\battery.py", line 86, in _get_battery_threshold
    percent = self._battery_state.percent
AttributeError: 'NoneType' object has no attribute 'percent'
2022-09-21 22:33:29 ERROR base.py: Failed to execute callback of type 'update_label' with args: []
Traceback (most recent call last):
  File "C:\Users\mino29\.local\share\yasb\src\core\widgets\base.py", line 84, in _run_callback
    self.callbacks[callback_type](*callback_args)
  File "C:\Users\mino29\.local\share\yasb\src\core\widgets\yasb\battery.py", line 123, in _update_label
    threshold = self._get_battery_threshold()
  File "C:\Users\mino29\.local\share\yasb\src\core\widgets\yasb\battery.py", line 86, in _get_battery_threshold
    percent = self._battery_state.percent
AttributeError: 'NoneType' object has no attribute 'percent'
2022-09-21 22:33:34 ERROR base.py: Failed to execute callback of type 'update_label' with args: []
Traceback (most recent call last):
  File "C:\Users\mino29\.local\share\yasb\src\core\widgets\base.py", line 84, in _run_callback
    self.callbacks[callback_type](*callback_args)
  File "C:\Users\mino29\.local\share\yasb\src\core\widgets\yasb\battery.py", line 123, in _update_label
    threshold = self._get_battery_threshold()
  File "C:\Users\mino29\.local\share\yasb\src\core\widgets\yasb\battery.py", line 86, in _get_battery_threshold
    percent = self._battery_state.percent
AttributeError: 'NoneType' object has no attribute 'percent'
2022-09-21 22:33:39 ERROR base.py: Failed to execute callback of type 'update_label' with args: []
Traceback (most recent call last):
  File "C:\Users\mino29\.local\share\yasb\src\core\widgets\base.py", line 84, in _run_callback
    self.callbacks[callback_type](*callback_args)
  File "C:\Users\mino29\.local\share\yasb\src\core\widgets\yasb\battery.py", line 123, in _update_label
    threshold = self._get_battery_threshold()
  File "C:\Users\mino29\.local\share\yasb\src\core\widgets\yasb\battery.py", line 86, in _get_battery_threshold
    percent = self._battery_state.percent
AttributeError: 'NoneType' object has no attribute 'percent'
2022-09-21 22:33:44 ERROR base.py: Failed to execute callback of type 'update_label' with args: []
Traceback (most recent call last):
  File "C:\Users\mino29\.local\share\yasb\src\core\widgets\base.py", line 84, in _run_callback
    self.callbacks[callback_type](*callback_args)
  File "C:\Users\mino29\.local\share\yasb\src\core\widgets\yasb\battery.py", line 123, in _update_label
    threshold = self._get_battery_threshold()
  File "C:\Users\mino29\.local\share\yasb\src\core\widgets\yasb\battery.py", line 86, in _get_battery_threshold
    percent = self._battery_state.percent
AttributeError: 'NoneType' object has no attribute 'percent'
2022-09-21 22:33:49 ERROR base.py: Failed to execute callback of type 'update_label' with args: []
Traceback (most recent call last):
  File "C:\Users\mino29\.local\share\yasb\src\core\widgets\base.py", line 84, in _run_callback
    self.callbacks[callback_type](*callback_args)
  File "C:\Users\mino29\.local\share\yasb\src\core\widgets\yasb\battery.py", line 123, in _update_label
    threshold = self._get_battery_threshold()
  File "C:\Users\mino29\.local\share\yasb\src\core\widgets\yasb\battery.py", line 86, in _get_battery_threshold
    percent = self._battery_state.percent
AttributeError: 'NoneType' object has no attribute 'percent'
2022-09-21 22:33:54 ERROR base.py: Failed to execute callback of type 'update_label' with args: []
Traceback (most recent call last):
  File "C:\Users\mino29\.local\share\yasb\src\core\widgets\base.py", line 84, in _run_callback
    self.callbacks[callback_type](*callback_args)
  File "C:\Users\mino29\.local\share\yasb\src\core\widgets\yasb\battery.py", line 123, in _update_label
    threshold = self._get_battery_threshold()
  File "C:\Users\mino29\.local\share\yasb\src\core\widgets\yasb\battery.py", line 86, in _get_battery_threshold
    percent = self._battery_state.percent
AttributeError: 'NoneType' object has no attribute 'percent'
2022-09-21 22:33:59 ERROR base.py: Failed to execute callback of type 'update_label' with args: []
Traceback (most recent call last):
  File "C:\Users\mino29\.local\share\yasb\src\core\widgets\base.py", line 84, in _run_callback
    self.callbacks[callback_type](*callback_args)
  File "C:\Users\mino29\.local\share\yasb\src\core\widgets\yasb\battery.py", line 123, in _update_label
    threshold = self._get_battery_threshold()
  File "C:\Users\mino29\.local\share\yasb\src\core\widgets\yasb\battery.py", line 86, in _get_battery_threshold
    percent = self._battery_state.percent
AttributeError: 'NoneType' object has no attribute 'percent'
