2022-09-09 04:35:25.1565|FATAL|workspacer.Program|exception occurred, quitting workspacer: Microsoft.CodeAnalysis.Scripting.CompilationErrorException: (9,1): error CS1529: A using clause must precede all other elements defined in the namespace except extern alias declarations
   at Microsoft.CodeAnalysis.Scripting.ScriptBuilder.ThrowIfAnyCompilationErrors(DiagnosticBag diagnostics, DiagnosticFormatter formatter)
   at Microsoft.CodeAnalysis.Scripting.ScriptBuilder.CreateExecutor[T](ScriptCompiler compiler, Compilation compilation, Boolean emitDebugInformation, CancellationToken cancellationToken)
   at Microsoft.CodeAnalysis.Scripting.Script`1.GetExecutor(CancellationToken cancellationToken)
   at Microsoft.CodeAnalysis.Scripting.Script`1.RunAsync(Object globals, Func`2 catchException, CancellationToken cancellationToken)
   at Microsoft.CodeAnalysis.Scripting.Script`1.RunAsync(Object globals, CancellationToken cancellationToken)
   at Microsoft.CodeAnalysis.CSharp.Scripting.CSharpScript.RunAsync[T](String code, ScriptOptions options, Object globals, Type globalsType, CancellationToken cancellationToken)
   at Microsoft.CodeAnalysis.CSharp.Scripting.CSharpScript.EvaluateAsync[T](String code, ScriptOptions options, Object globals, Type globalsType, CancellationToken cancellationToken)
   at workspacer.ConfigHelper.DoConfig(IConfigContext context) in D:\a\workspacer\workspacer\src\workspacer\Config\ConfigHelper.cs:line 70
   at workspacer.workspacer.Start() in D:\a\workspacer\workspacer\src\workspacer\Workspacer.cs:line 52
   at workspacer.Program.Run() in D:\a\workspacer\workspacer\src\workspacer\Program.cs:line 148
   at workspacer.Program.Main(String[] args) in D:\a\workspacer\workspacer\src\workspacer\Program.cs:line 73|Microsoft.CodeAnalysis.Scripting.CompilationErrorException: (9,1): error CS1529: A using clause must precede all other elements defined in the namespace except extern alias declarations
   at Microsoft.CodeAnalysis.Scripting.ScriptBuilder.ThrowIfAnyCompilationErrors(DiagnosticBag diagnostics, DiagnosticFormatter formatter)
   at Microsoft.CodeAnalysis.Scripting.ScriptBuilder.CreateExecutor[T](ScriptCompiler compiler, Compilation compilation, Boolean emitDebugInformation, CancellationToken cancellationToken)
   at Microsoft.CodeAnalysis.Scripting.Script`1.GetExecutor(CancellationToken cancellationToken)
   at Microsoft.CodeAnalysis.Scripting.Script`1.RunAsync(Object globals, Func`2 catchException, CancellationToken cancellationToken)
   at Microsoft.CodeAnalysis.Scripting.Script`1.RunAsync(Object globals, CancellationToken cancellationToken)
   at Microsoft.CodeAnalysis.CSharp.Scripting.CSharpScript.RunAsync[T](String code, ScriptOptions options, Object globals, Type globalsType, CancellationToken cancellationToken)
   at Microsoft.CodeAnalysis.CSharp.Scripting.CSharpScript.EvaluateAsync[T](String code, ScriptOptions options, Object globals, Type globalsType, CancellationToken cancellationToken)
   at workspacer.ConfigHelper.DoConfig(IConfigContext context) in D:\a\workspacer\workspacer\src\workspacer\Config\ConfigHelper.cs:line 70
   at workspacer.workspacer.Start() in D:\a\workspacer\workspacer\src\workspacer\Workspacer.cs:line 52
   at workspacer.Program.Run() in D:\a\workspacer\workspacer\src\workspacer\Program.cs:line 148
   at workspacer.Program.Main(String[] args) in D:\a\workspacer\workspacer\src\workspacer\Program.cs:line 73
2022-09-11 03:23:21.5233|FATAL|workspacer.Program|exception occurred, quitting workspacer: Microsoft.CodeAnalysis.Scripting.CompilationErrorException: (9,1): error CS1529: A using clause must precede all other elements defined in the namespace except extern alias declarations
   at Microsoft.CodeAnalysis.Scripting.ScriptBuilder.ThrowIfAnyCompilationErrors(DiagnosticBag diagnostics, DiagnosticFormatter formatter)
   at Microsoft.CodeAnalysis.Scripting.ScriptBuilder.CreateExecutor[T](ScriptCompiler compiler, Compilation compilation, Boolean emitDebugInformation, CancellationToken cancellationToken)
   at Microsoft.CodeAnalysis.Scripting.Script`1.GetExecutor(CancellationToken cancellationToken)
   at Microsoft.CodeAnalysis.Scripting.Script`1.RunAsync(Object globals, Func`2 catchException, CancellationToken cancellationToken)
   at Microsoft.CodeAnalysis.Scripting.Script`1.RunAsync(Object globals, CancellationToken cancellationToken)
   at Microsoft.CodeAnalysis.CSharp.Scripting.CSharpScript.RunAsync[T](String code, ScriptOptions options, Object globals, Type globalsType, CancellationToken cancellationToken)
   at Microsoft.CodeAnalysis.CSharp.Scripting.CSharpScript.EvaluateAsync[T](String code, ScriptOptions options, Object globals, Type globalsType, CancellationToken cancellationToken)
   at workspacer.ConfigHelper.DoConfig(IConfigContext context) in D:\a\workspacer\workspacer\src\workspacer\Config\ConfigHelper.cs:line 70
   at workspacer.workspacer.Start() in D:\a\workspacer\workspacer\src\workspacer\Workspacer.cs:line 52
   at workspacer.Program.Run() in D:\a\workspacer\workspacer\src\workspacer\Program.cs:line 148
   at workspacer.Program.Main(String[] args) in D:\a\workspacer\workspacer\src\workspacer\Program.cs:line 73|Microsoft.CodeAnalysis.Scripting.CompilationErrorException: (9,1): error CS1529: A using clause must precede all other elements defined in the namespace except extern alias declarations
   at Microsoft.CodeAnalysis.Scripting.ScriptBuilder.ThrowIfAnyCompilationErrors(DiagnosticBag diagnostics, DiagnosticFormatter formatter)
   at Microsoft.CodeAnalysis.Scripting.ScriptBuilder.CreateExecutor[T](ScriptCompiler compiler, Compilation compilation, Boolean emitDebugInformation, CancellationToken cancellationToken)
   at Microsoft.CodeAnalysis.Scripting.Script`1.GetExecutor(CancellationToken cancellationToken)
   at Microsoft.CodeAnalysis.Scripting.Script`1.RunAsync(Object globals, Func`2 catchException, CancellationToken cancellationToken)
   at Microsoft.CodeAnalysis.Scripting.Script`1.RunAsync(Object globals, CancellationToken cancellationToken)
   at Microsoft.CodeAnalysis.CSharp.Scripting.CSharpScript.RunAsync[T](String code, ScriptOptions options, Object globals, Type globalsType, CancellationToken cancellationToken)
   at Microsoft.CodeAnalysis.CSharp.Scripting.CSharpScript.EvaluateAsync[T](String code, ScriptOptions options, Object globals, Type globalsType, CancellationToken cancellationToken)
   at workspacer.ConfigHelper.DoConfig(IConfigContext context) in D:\a\workspacer\workspacer\src\workspacer\Config\ConfigHelper.cs:line 70
   at workspacer.workspacer.Start() in D:\a\workspacer\workspacer\src\workspacer\Workspacer.cs:line 52
   at workspacer.Program.Run() in D:\a\workspacer\workspacer\src\workspacer\Program.cs:line 148
   at workspacer.Program.Main(String[] args) in D:\a\workspacer\workspacer\src\workspacer\Program.cs:line 73
